2025-05-28 19:15:57 [INFO] POST /course/topic
2025-05-28 19:16:00 [INFO] POST /course/topic/start-test
2025-05-28 19:19:37 [INFO] POST /course/topic/start-test
2025-05-28 19:20:40 [INFO] POST /course/topic/start-test
2025-05-28 19:21:08 [INFO] POST /course/topic/submit-answer
2025-05-28 19:24:11 [INFO] POST /course/topic/submit-answer
2025-05-28 19:24:21 [INFO] POST /course/topic/start-test
2025-05-28 19:24:27 [INFO] POST /course/topic/start-test
2025-05-28 19:37:43 [INFO] POST /course/topic/start-test
2025-05-28 19:37:49 [INFO] POST /course/topic/submit-answer
2025-05-28 19:40:19 [INFO] POST /course/topic/submit-answer
2025-05-28 19:40:36 [INFO] POST /course/topic/submit-answer
2025-05-28 19:42:06 [INFO] POST /course/topic/start-test
2025-05-28 19:42:13 [INFO] POST /course/topic/submit-answer
2025-05-28 19:42:17 [INFO] POST /course/topic/submit-answer
2025-05-28 19:42:38 [INFO] POST /course/topic/submit-answer
2025-05-28 19:43:30 [INFO] POST /course/topic/start-test
2025-05-28 19:43:35 [INFO] POST /course/topic/submit-answer
2025-05-28 19:43:39 [INFO] POST /course/topic/submit-answer
2025-05-28 19:43:45 [INFO] POST /course/topic/submit-answer
2025-05-28 19:44:11 [INFO] POST /course/topic/start-test
2025-05-28 19:44:14 [INFO] POST /course/topic/submit-answer
2025-05-28 19:46:10 [INFO] POST /course/topic/start-test
2025-05-28 19:46:14 [INFO] POST /course/topic/submit-answer
2025-05-28 19:46:20 [INFO] POST /course/topic/submit-answer
2025-05-28 19:47:55 [INFO] POST /course/topic/submit-answer
2025-05-28 19:50:18 [INFO] POST /course/
2025-05-28 19:51:34 [INFO] GET /course/all
2025-05-28 20:02:35 [INFO] GET /course/all
2025-05-28 20:04:02 [INFO] POST /course/topic/create
2025-05-28 20:24:48 [INFO] POST /course/topic/create
2025-05-28 20:24:54 [INFO] POST /course/
2025-05-28 20:25:05 [INFO] POST /course/topic
2025-05-28 20:25:07 [INFO] POST /course/topic/start-test
2025-05-28 20:25:27 [INFO] POST /course/topic/submit-answer
2025-05-28 20:26:20 [INFO] POST /course/topic/submit-answer
2025-05-28 20:53:42 [INFO] POST /course/topic/submit-answer
2025-05-28 20:54:59 [INFO] POST /course/topic/submit-answer
2025-05-28 20:55:15 [INFO] POST /course/topic/submit-answer
2025-05-28 20:55:23 [INFO] POST /course/topic/start-test
2025-05-28 20:55:27 [INFO] POST /course/topic/submit-answer
2025-05-28 20:55:32 [INFO] POST /course/topic/submit-answer
2025-05-28 20:57:53 [INFO] POST /course/topic/submit-answer
2025-05-28 20:58:04 [INFO] POST /course/topic/submit-answer
2025-05-28 20:58:10 [INFO] POST /course/topic/submit-answer
2025-05-28 20:58:20 [INFO] POST /auth/login
2025-05-28 20:58:22 [INFO] POST /course/
2025-05-28 20:58:26 [INFO] POST /course/topic
2025-05-28 20:58:50 [INFO] GET /course/all
2025-05-28 21:03:53 [INFO] POST /auth/login
2025-05-28 21:04:04 [INFO] GET /course/all
2025-05-28 21:04:10 [INFO] GET /course/all
2025-05-28 21:49:42 [INFO] POST /course/
2025-05-28 21:49:42 [INFO] POST /course/
2025-05-28 21:49:59 [INFO] POST /course/topic
2025-05-28 21:50:14 [INFO] POST /course/topic/start-test
2025-05-28 21:50:21 [INFO] POST /course/topic/submit-answer
2025-05-28 21:50:35 [INFO] POST /course/topic/submit-answer
2025-05-28 21:50:54 [INFO] POST /course/topic/submit-answer
2025-05-28 21:51:00 [INFO] POST /course/topic/submit-answer
2025-05-28 21:51:14 [INFO] POST /course/topic/submit-answer
2025-05-28 21:52:20 [INFO] POST /course/topic/start-test
2025-05-28 21:52:30 [INFO] POST /course/topic/submit-answer
2025-05-28 21:52:37 [INFO] POST /course/topic/submit-answer
2025-05-28 22:31:44 [INFO] POST /course/topic
2025-05-28 22:31:50 [INFO] POST /course/topic/start-test
2025-05-28 22:31:56 [INFO] POST /course/topic/submit-answer
2025-05-28 22:32:00 [INFO] POST /course/topic/submit-answer
2025-05-28 22:32:06 [INFO] POST /course/topic/submit-answer
2025-05-28 22:32:09 [INFO] POST /course/topic/submit-answer
2025-05-28 22:32:13 [INFO] POST /course/topic/submit-answer
2025-05-28 22:36:28 [INFO] POST /course/topic/start-test
2025-05-28 22:36:33 [INFO] POST /course/topic/submit-answer
2025-05-28 22:36:40 [INFO] POST /course/topic/submit-answer
2025-05-28 22:42:43 [INFO] POST /auth/login
2025-05-28 22:42:50 [INFO] POST /course/topic
2025-05-28 22:44:10 [INFO] POST /auth/login
2025-05-28 22:44:12 [INFO] GET /course/all
2025-05-28 22:44:20 [INFO] POST /course/
2025-05-28 22:44:45 [INFO] POST /auth/login
2025-05-28 22:44:49 [INFO] POST /course/topic
2025-05-28 22:45:52 [INFO] POST /auth/login
2025-05-28 22:46:00 [INFO] GET /course/all
2025-05-28 22:46:13 [INFO] POST /course/
2025-05-28 22:46:32 [INFO] POST /course/topic
2025-05-28 22:50:25 [INFO] POST /auth/login
2025-05-28 22:50:26 [INFO] GET /course/all
2025-05-28 22:50:32 [INFO] POST /course/
2025-05-28 22:50:37 [INFO] POST /course/topic
2025-05-28 22:50:48 [INFO] POST /auth/login
2025-05-28 22:50:56 [INFO] POST /course/topic
2025-05-29 15:28:53 [INFO] GET /course/all
2025-05-29 15:28:54 [INFO] GET /course/all
2025-05-29 15:29:13 [INFO] POST /course/
2025-05-29 15:29:13 [INFO] POST /course/
2025-05-29 15:29:25 [INFO] POST /course/topic
2025-05-29 15:29:34 [INFO] POST /course/topic/start-test
2025-05-29 15:29:42 [INFO] POST /course/topic/submit-answer
2025-05-29 15:29:50 [INFO] POST /course/topic/submit-answer
2025-05-29 15:29:57 [INFO] POST /course/topic/submit-answer
2025-05-29 15:30:05 [INFO] POST /course/topic/submit-answer
2025-05-29 15:30:10 [INFO] POST /course/topic/submit-answer
2025-05-29 15:30:14 [INFO] POST /course/topic/start-test
2025-05-29 15:30:18 [INFO] POST /course/topic/submit-answer
2025-05-29 15:30:24 [INFO] POST /course/topic/submit-answer
2025-05-29 15:30:30 [INFO] POST /course/topic/submit-answer
2025-05-29 15:30:37 [INFO] POST /course/topic/submit-answer
2025-05-29 15:30:41 [INFO] POST /course/topic/submit-answer
2025-05-29 15:30:59 [INFO] POST /course/topic/start-test
2025-05-29 15:31:03 [INFO] POST /course/topic/submit-answer
2025-05-29 15:31:09 [INFO] POST /course/topic/submit-answer
2025-05-29 15:31:14 [INFO] POST /course/topic/submit-answer
2025-05-29 15:31:19 [INFO] POST /course/topic/submit-answer
2025-05-29 15:31:25 [INFO] POST /course/topic/submit-answer
2025-05-29 18:21:35 [INFO] POST /course/topic
2025-05-29 18:40:09 [INFO] POST /course/topic
2025-05-29 18:52:59 [INFO] POST /course/topic
2025-05-29 18:55:46 [INFO] POST /course/topic
2025-05-29 18:59:39 [INFO] POST /course/topic/create
2025-05-29 20:47:10 [INFO] GET /
2025-05-29 20:56:04 [INFO] GET /course/topic/create
2025-05-29 20:56:09 [INFO] POST /course/topic/create
2025-05-29 20:56:26 [INFO] POST /auth/login
2025-05-29 20:56:28 [INFO] GET /course/all
2025-05-29 20:56:37 [INFO] POST /course/
2025-05-29 20:56:42 [INFO] POST /course/topic
2025-05-29 20:56:43 [INFO] POST /course/topic/start-test
2025-05-29 20:58:03 [INFO] POST /course/topic
2025-05-29 21:06:11 [INFO] POST /course/topic/start-test
2025-05-29 21:17:42 [INFO] POST /course/topic/submit-answer
2025-05-29 21:19:54 [INFO] POST /course/topic/submit-answer
2025-05-29 21:20:03 [INFO] POST /course/topic/submit-answer
2025-05-29 21:20:35 [INFO] POST /course/topic/submit-answer
2025-05-29 21:21:15 [INFO] POST /course/topic/submit-answer
2025-05-29 21:22:15 [INFO] POST /course/topic/submit-answer
2025-05-29 21:22:53 [INFO] POST /course/topic/submit-answer
2025-05-29 21:23:07 [INFO] POST /course/topic/submit-answer
2025-05-29 21:23:19 [INFO] POST /course/topic/submit-answer
2025-05-29 21:23:29 [INFO] POST /course/topic/submit-answer
2025-05-29 21:23:54 [INFO] POST /course/topic/submit-answer
2025-05-29 21:28:39 [INFO] POST /course/topic
2025-05-29 21:28:56 [INFO] POST /course/topic
2025-05-29 21:56:29 [INFO] POST /course/topic
2025-05-29 23:13:37 [INFO] POST /course/topic/start-test
2025-05-29 23:19:41 [INFO] POST /course/topic/start-test
2025-05-29 23:20:01 [INFO] POST /course/topic/submit-answer
2025-05-29 23:20:10 [INFO] POST /course/topic/submit-answer
2025-05-29 23:20:19 [INFO] POST /course/topic/submit-answer
2025-05-29 23:20:22 [INFO] POST /course/topic/submit-answer
2025-05-29 23:20:26 [INFO] POST /course/topic/submit-answer
2025-05-29 23:20:29 [INFO] POST /course/topic/submit-answer
2025-05-29 23:20:32 [INFO] POST /course/topic/submit-answer
2025-05-29 23:20:35 [INFO] POST /course/topic/submit-answer
2025-05-29 23:20:39 [INFO] POST /course/topic/submit-answer
2025-05-29 23:20:43 [INFO] POST /course/topic/submit-answer
2025-05-29 23:58:52 [INFO] POST /auth/login
2025-05-29 23:58:54 [INFO] POST /course/topic
2025-05-29 23:59:56 [INFO] POST /auth/login
2025-05-29 23:59:58 [INFO] POST /course/topic
2025-05-30 00:01:38 [INFO] POST /auth/login
2025-05-30 00:01:40 [INFO] GET /course/all
2025-05-30 00:01:42 [INFO] POST /course/
2025-05-30 00:01:46 [INFO] POST /course/topic
2025-05-30 00:13:11 [INFO] POST /course/topic
2025-05-30 00:13:26 [INFO] POST /course/topic/start-test
2025-05-30 00:14:42 [INFO] POST /course/topic
2025-05-30 00:14:45 [INFO] POST /course/topic/start-test
2025-05-30 00:17:32 [INFO] POST /course/topic/submit-answer
2025-05-30 00:19:40 [INFO] POST /course/topic/submit-answer
2025-05-30 00:25:16 [INFO] POST /course/topic
2025-05-30 00:25:19 [INFO] POST /course/topic/start-test
2025-05-30 00:25:45 [INFO] POST /course/topic/submit-answer
2025-05-30 00:27:01 [INFO] POST /course/topic
2025-05-30 00:28:35 [INFO] POST /course/topic/start-test
2025-05-30 00:28:40 [INFO] POST /course/topic/submit-answer
2025-05-30 00:28:58 [INFO] POST /course/topic/submit-answer
2025-05-30 00:29:04 [INFO] POST /course/topic/submit-answer
2025-05-30 00:29:18 [INFO] POST /course/topic/submit-answer
2025-05-30 00:29:24 [INFO] POST /course/topic/submit-answer
2025-05-30 00:29:31 [INFO] POST /course/topic/submit-answer
2025-05-30 00:29:36 [INFO] POST /course/topic/submit-answer
2025-05-30 00:29:40 [INFO] POST /course/topic/submit-answer
2025-05-30 00:29:48 [INFO] POST /course/topic/submit-answer
2025-05-30 00:30:08 [INFO] POST /course/topic/submit-answer
2025-05-30 00:30:58 [INFO] POST /course/topic/start-test
2025-05-30 00:31:05 [INFO] POST /course/topic/submit-answer
2025-05-30 00:31:10 [INFO] POST /course/topic/submit-answer
2025-05-30 00:31:13 [INFO] POST /course/topic/submit-answer
2025-05-30 00:31:19 [INFO] POST /course/topic/submit-answer
2025-05-30 00:31:25 [INFO] POST /course/topic/submit-answer
2025-05-30 00:31:31 [INFO] POST /course/topic/submit-answer
2025-05-30 00:31:38 [INFO] POST /course/topic/submit-answer
2025-05-30 00:31:44 [INFO] POST /course/topic/submit-answer
2025-05-30 00:31:51 [INFO] POST /course/topic/submit-answer
2025-05-30 00:31:57 [INFO] POST /course/topic/submit-answer
2025-05-30 00:32:07 [INFO] POST /course/topic/start-test
2025-05-30 00:33:07 [INFO] POST /course/topic
2025-05-30 00:33:11 [INFO] POST /course/topic/start-test
2025-05-30 00:33:22 [INFO] POST /course/topic/submit-answer
2025-05-30 00:33:30 [INFO] POST /course/topic/submit-answer
2025-05-30 00:33:48 [INFO] POST /course/topic/submit-answer
2025-05-30 00:41:23 [INFO] POST /course/topic/submit-answer
2025-05-30 00:44:32 [INFO] POST /course/topic
2025-05-30 00:45:09 [INFO] POST /course/topic
2025-05-30 00:45:19 [INFO] POST /course/topic/submit-answer
2025-05-30 07:50:26 [INFO] POST /course/topic
2025-05-30 07:53:27 [INFO] POST /course/topic
2025-05-30 07:57:54 [INFO] POST /course/
2025-05-30 07:58:02 [INFO] POST /course/topic/start-test
2025-05-30 07:58:29 [INFO] POST /course/topic/start-test
2025-05-30 08:03:16 [INFO] POST /course/topic/submit-answer
2025-05-30 08:08:15 [INFO] POST /course/topic
2025-05-30 08:10:26 [INFO] POST /course/topic
2025-05-30 08:12:15 [INFO] POST /course/topic
2025-05-30 08:12:29 [INFO] POST /course/topic
2025-05-30 08:20:26 [INFO] POST /course/topic
2025-05-30 08:22:43 [INFO] POST /auth/login
2025-05-30 08:22:56 [INFO] GET /course/all
2025-05-30 08:25:58 [INFO] POST /auth/login
2025-05-30 08:26:09 [INFO] GET /course/all
2025-05-30 08:26:09 [INFO] GET /course/all
2025-05-30 08:26:09 [INFO] GET /course/all
2025-05-30 08:26:11 [INFO] GET /course/all
2025-05-30 08:42:49 [INFO] GET /course/all
2025-05-30 08:43:34 [INFO] POST /auth/login
2025-05-30 08:43:37 [INFO] GET /course/all
2025-05-30 08:43:41 [INFO] POST /course/
2025-05-30 08:43:46 [INFO] POST /course/topic
2025-05-30 08:43:47 [INFO] POST /course/topic/start-test
2025-05-30 08:43:56 [INFO] POST /course/topic/submit-answer
2025-05-30 08:44:07 [INFO] POST /course/topic/submit-answer
2025-05-30 08:44:46 [INFO] POST /course/topic/submit-answer
2025-05-30 08:45:15 [INFO] POST /course/topic/submit-answer
2025-05-30 08:45:34 [INFO] POST /course/topic/submit-answer
2025-05-30 08:45:42 [INFO] POST /course/topic/submit-answer
2025-05-30 08:45:56 [INFO] POST /course/topic/submit-answer
2025-05-30 08:46:04 [INFO] POST /course/topic/submit-answer
2025-05-30 08:46:11 [INFO] POST /course/topic/submit-answer
2025-05-30 08:46:19 [INFO] POST /course/topic/submit-answer
2025-05-30 08:48:44 [INFO] POST /course/topic/start-test
2025-05-30 08:48:48 [INFO] POST /course/topic/submit-answer
2025-05-30 08:48:53 [INFO] POST /course/topic/submit-answer
2025-05-30 08:48:57 [INFO] POST /course/topic/submit-answer
2025-05-30 08:49:01 [INFO] POST /course/topic/submit-answer
2025-05-30 08:49:05 [INFO] POST /course/topic/submit-answer
2025-05-30 08:49:28 [INFO] POST /course/topic/submit-answer
2025-05-30 08:49:40 [INFO] POST /course/topic/submit-answer
2025-05-30 08:49:47 [INFO] POST /course/topic/submit-answer
2025-05-30 08:49:59 [INFO] POST /course/topic/submit-answer
2025-05-30 08:50:06 [INFO] POST /course/topic/submit-answer
2025-05-30 08:50:10 [INFO] POST /course/topic/start-test
2025-05-30 08:50:15 [INFO] POST /course/topic/submit-answer
2025-05-30 08:57:57 [INFO] POST /course/topic/submit-answer
2025-05-30 08:57:57 [ERROR] fetch failed
2025-05-30 08:58:41 [INFO] POST /course/topic/submit-answer
2025-05-30 08:58:49 [INFO] POST /course/topic/submit-answer
2025-05-30 08:59:43 [INFO] POST /course/topic/submit-answer
2025-05-30 09:10:43 [INFO] POST /course/topic/start-test
2025-05-30 09:10:55 [INFO] POST /course/topic/submit-answer
2025-05-30 09:11:40 [INFO] POST /course/topic/submit-answer
2025-05-30 09:12:50 [INFO] POST /course/topic/submit-answer
2025-05-30 09:13:14 [INFO] POST /course/topic/submit-answer
2025-05-30 09:13:32 [INFO] POST /course/topic
2025-05-30 09:13:36 [INFO] POST /course/topic/start-test
2025-05-30 09:14:00 [INFO] POST /course/topic
2025-05-30 09:14:05 [INFO] POST /course/topic/start-test
2025-05-30 09:20:42 [INFO] POST /course/topic/start-test
2025-05-30 09:22:47 [INFO] POST /course/topic
2025-05-30 09:22:51 [INFO] POST /course/topic/start-test
2025-05-30 09:25:11 [INFO] POST /course/topic
2025-05-30 09:25:13 [INFO] POST /course/topic/start-test
2025-05-30 09:25:29 [INFO] POST /course/topic/submit-answer
2025-05-30 09:30:29 [INFO] POST /course/topic/start-test
2025-05-30 09:31:02 [INFO] POST /course/topic/submit-answer
2025-05-30 09:31:28 [INFO] POST /course/topic/submit-answer
2025-05-30 09:31:43 [INFO] POST /course/topic/submit-answer
2025-05-30 09:31:55 [INFO] POST /course/topic/submit-answer
2025-05-30 09:32:03 [INFO] POST /course/topic/submit-answer
2025-05-30 09:33:55 [INFO] POST /course/topic/start-test
2025-05-30 09:50:11 [INFO] POST /course/topic/create
2025-05-30 09:50:19 [INFO] POST /course/
2025-05-30 09:51:38 [INFO] POST /course/topic/create
2025-05-30 09:52:31 [INFO] POST /course/topic/create
2025-05-30 09:52:40 [INFO] POST /course/
2025-05-30 09:54:48 [INFO] POST /course/topic/create
2025-05-30 09:56:47 [INFO] POST /course/
2025-05-30 09:56:48 [INFO] POST /course/topic/create
2025-05-30 09:56:58 [INFO] POST /course/
2025-05-30 09:58:55 [INFO] POST /course/topic/create
2025-05-30 09:59:00 [INFO] POST /course/
2025-05-30 09:59:33 [INFO] POST /course/topic
2025-05-30 09:59:56 [INFO] POST /course/
2025-05-30 10:00:05 [INFO] POST /course/topic
2025-05-30 10:00:09 [INFO] POST /course/topic/start-test
2025-05-30 10:00:26 [INFO] POST /course/topic/submit-answer
2025-05-30 10:00:36 [INFO] POST /course/topic/submit-answer
2025-05-30 10:02:15 [INFO] POST /course/topic/submit-answer
2025-05-30 10:02:20 [INFO] POST /course/topic/submit-answer
2025-05-30 10:02:36 [INFO] POST /course/topic/submit-answer
2025-05-30 10:02:58 [INFO] POST /course/topic/submit-answer
2025-05-30 10:03:06 [INFO] POST /course/topic/submit-answer
2025-05-30 10:03:56 [INFO] GET /course/all
2025-05-30 10:04:02 [INFO] POST /course/
2025-05-30 10:04:11 [INFO] POST /course/topic
2025-05-30 10:07:41 [INFO] POST /course/
2025-05-30 10:29:19 [INFO] POST /course/topic
2025-05-30 10:29:24 [INFO] POST /course/topic/start-test
2025-05-30 10:29:52 [INFO] POST /course/topic/submit-answer
2025-05-30 10:29:57 [INFO] POST /course/topic/submit-answer
2025-05-30 10:30:05 [INFO] POST /course/
2025-05-30 10:30:09 [INFO] POST /course/topic
2025-05-30 10:30:11 [INFO] POST /course/topic/start-test
2025-05-30 10:30:18 [INFO] POST /course/topic/submit-answer
2025-05-30 10:30:33 [INFO] POST /course/topic/submit-answer
2025-05-30 10:30:42 [INFO] POST /course/topic/submit-answer
2025-05-30 10:30:48 [INFO] POST /course/topic/submit-answer
2025-05-30 10:30:54 [INFO] POST /course/topic/submit-answer
2025-05-30 10:32:00 [INFO] POST /course/topic/submit-answer
2025-05-30 10:32:11 [INFO] POST /course/topic/submit-answer
2025-05-30 10:32:15 [INFO] POST /course/topic/submit-answer
2025-05-30 10:32:22 [INFO] POST /course/topic/submit-answer
2025-05-30 10:37:24 [INFO] POST /course/topic/submit-answer
2025-05-30 10:37:27 [INFO] POST /course/topic/start-test
2025-05-30 10:38:00 [INFO] POST /course/topic/submit-answer
2025-05-30 10:38:52 [INFO] POST /auth/login
2025-05-30 10:38:54 [INFO] GET /course/all
2025-05-30 10:47:36 [INFO] POST /course/
2025-05-30 10:54:54 [INFO] POST /course/
2025-05-30 10:57:30 [INFO] GET /
2025-05-30 10:57:31 [INFO] GET /favicon.ico
2025-05-30 10:57:37 [INFO] GET /course/all
2025-05-30 10:57:45 [INFO] POST /course/
2025-05-30 10:58:39 [INFO] POST /course/topic
2025-05-30 11:00:22 [INFO] POST /course/topic
2025-05-30 11:11:27 [INFO] POST /course/
2025-05-30 11:11:35 [INFO] POST /course/topic
2025-05-30 11:14:42 [INFO] POST /course/
2025-05-30 11:14:47 [INFO] POST /course/topic
2025-05-30 11:46:36 [INFO] POST /course/topic
2025-05-30 11:49:33 [INFO] POST /course/topic/start-test
2025-05-30 11:50:07 [INFO] POST /course/topic/submit-answer
2025-05-30 11:50:26 [INFO] POST /course/topic/submit-answer
2025-05-30 11:50:30 [INFO] POST /course/topic/start-test
2025-05-30 11:50:49 [INFO] POST /course/topic/submit-answer
2025-05-30 11:51:38 [INFO] POST /course/topic/submit-answer
2025-05-30 11:52:07 [INFO] POST /course/topic/submit-answer
2025-05-30 11:52:29 [INFO] POST /course/topic/submit-answer
2025-05-30 11:53:02 [INFO] POST /course/topic/submit-answer
2025-05-30 20:21:20 [INFO] GET /course/all
2025-05-30 20:34:11 [INFO] POST /course/
2025-05-30 20:40:01 [INFO] POST /course/
2025-05-30 20:51:35 [INFO] GET /course/all
2025-05-30 20:51:37 [INFO] GET /course/all
2025-05-30 21:02:35 [INFO] POST /course/
2025-05-30 22:35:31 [INFO] POST /course/
2025-05-30 22:35:54 [INFO] POST /course/topic
2025-05-30 22:35:57 [INFO] POST /course/topic/start-test
2025-05-30 22:36:53 [INFO] POST /course/topic/submit-answer
2025-05-30 22:39:53 [INFO] GET /course/all
2025-05-30 22:39:58 [INFO] POST /course/
2025-05-30 22:44:23 [INFO] GET /course/all
2025-05-30 23:00:55 [INFO] GET /course/all
2025-05-30 23:01:07 [INFO] GET /course/all
2025-05-30 23:01:16 [INFO] GET /course/all
2025-05-30 23:01:31 [INFO] GET /course/all
2025-05-30 23:01:40 [INFO] POST /course/
2025-05-30 23:04:14 [INFO] POST /course/topic
2025-05-30 23:09:42 [INFO] POST /course/topic
2025-05-30 23:11:04 [INFO] POST /course/topic
2025-05-30 23:11:42 [INFO] POST /course/topic
2025-05-30 23:11:59 [INFO] POST /course/topic
2025-05-30 23:12:01 [INFO] POST /course/topic
2025-05-30 23:12:43 [INFO] POST /course/topic
2025-05-30 23:13:05 [INFO] POST /course/
2025-05-30 23:13:11 [INFO] GET /course/all
2025-05-30 23:13:16 [INFO] POST /course/
2025-05-30 23:13:26 [INFO] POST /course/topic/start-test
2025-05-30 23:13:31 [INFO] POST /course/topic/submit-answer
2025-05-30 23:13:34 [INFO] POST /course/topic/submit-answer
2025-05-30 23:13:39 [INFO] POST /course/topic/submit-answer
2025-05-30 23:13:42 [INFO] POST /course/topic/submit-answer
2025-05-30 23:21:01 [INFO] POST /course/topic/submit-answer
2025-05-30 23:21:06 [INFO] POST /course/topic/start-test
2025-05-30 23:22:22 [INFO] POST /course/topic/submit-answer
2025-05-30 23:22:54 [INFO] POST /course/topic/start-test
2025-05-30 23:22:55 [INFO] POST /course/topic/start-test
2025-05-30 23:23:04 [INFO] POST /course/
2025-05-30 23:23:14 [INFO] POST /course/topic/start-test
2025-05-30 23:23:15 [INFO] POST /course/topic/start-test
2025-05-30 23:24:11 [INFO] POST /auth/login
2025-05-30 23:24:19 [INFO] POST /auth/login
2025-05-30 23:25:54 [INFO] POST /auth/signup
2025-05-30 23:26:05 [INFO] POST /auth/login
2025-05-30 23:26:06 [INFO] GET /course/all
2025-05-30 23:26:14 [INFO] POST /course/
2025-05-30 23:26:22 [INFO] POST /course/topic
2025-05-30 23:33:54 [INFO] POST /course/
2025-05-30 23:33:58 [INFO] GET /course/all
2025-05-30 23:34:01 [INFO] POST /course/
2025-05-30 23:35:10 [INFO] POST /course/
2025-05-30 23:35:18 [INFO] GET /course/all
2025-05-30 23:35:21 [INFO] POST /course/
2025-05-30 23:40:05 [INFO] GET /course/all
2025-05-30 23:40:13 [INFO] POST /course/
2025-05-30 23:40:20 [INFO] POST /course/topic
2025-05-30 23:48:36 [INFO] POST /course/topic/start-test
2025-05-30 23:48:41 [INFO] POST /course/topic/submit-answer
2025-05-30 23:48:48 [INFO] POST /course/topic/submit-answer
2025-05-30 23:49:22 [INFO] POST /course/topic/submit-answer
2025-05-30 23:56:55 [INFO] POST /course/topic/start-test
2025-05-30 23:57:18 [INFO] POST /course/topic/submit-answer
2025-05-30 23:58:22 [INFO] POST /course/topic/submit-answer
2025-05-30 23:58:35 [INFO] POST /course/topic/submit-answer
2025-05-30 23:58:40 [INFO] POST /course/topic/submit-answer
2025-05-30 23:58:46 [INFO] POST /course/topic/submit-answer
2025-05-30 23:58:50 [INFO] POST /course/topic/submit-answer
2025-05-30 23:58:52 [INFO] POST /course/topic/submit-answer
2025-05-30 23:58:54 [INFO] POST /course/topic/start-test
2025-05-30 23:58:58 [INFO] POST /course/topic/submit-answer
2025-05-30 23:59:01 [INFO] POST /course/topic/submit-answer
2025-05-30 23:59:04 [INFO] POST /course/topic/submit-answer
2025-05-30 23:59:08 [INFO] POST /course/topic/submit-answer
2025-05-30 23:59:15 [INFO] POST /course/topic/submit-answer
2025-05-30 23:59:19 [INFO] POST /course/topic/submit-answer
2025-05-30 23:59:24 [INFO] POST /course/topic/submit-answer
2025-05-30 23:59:28 [INFO] POST /course/topic/submit-answer
2025-05-30 23:59:33 [INFO] POST /course/topic/submit-answer
2025-05-30 23:59:36 [INFO] POST /course/topic/submit-answer
2025-05-30 23:59:38 [INFO] POST /course/topic/start-test
2025-05-31 00:02:03 [INFO] GET /course/all
2025-05-31 00:04:03 [INFO] GET /course/all
